Determining if the pthread_create exist failed with the following output:
Change Dir: /home/akshay/thermalvis_ws/build/CMakeFiles/CMakeTmp

Run Build Command:"/usr/bin/make" "cmTC_0d40d/fast"
/usr/bin/make -f CMakeFiles/cmTC_0d40d.dir/build.make CMakeFiles/cmTC_0d40d.dir/build
make[1]: Entering directory '/home/akshay/thermalvis_ws/build/CMakeFiles/CMakeTmp'
Building C object CMakeFiles/cmTC_0d40d.dir/CheckSymbolExists.c.o
/usr/bin/cc    -o CMakeFiles/cmTC_0d40d.dir/CheckSymbolExists.c.o   -c /home/akshay/thermalvis_ws/build/CMakeFiles/CMakeTmp/CheckSymbolExists.c
Linking C executable cmTC_0d40d
/usr/local/bin/cmake -E cmake_link_script CMakeFiles/cmTC_0d40d.dir/link.txt --verbose=1
/usr/bin/cc      -rdynamic CMakeFiles/cmTC_0d40d.dir/CheckSymbolExists.c.o  -o cmTC_0d40d 
CMakeFiles/cmTC_0d40d.dir/CheckSymbolExists.c.o: In function `main':
CheckSymbolExists.c:(.text+0x16): undefined reference to `pthread_create'
collect2: error: ld returned 1 exit status
CMakeFiles/cmTC_0d40d.dir/build.make:97: recipe for target 'cmTC_0d40d' failed
make[1]: *** [cmTC_0d40d] Error 1
make[1]: Leaving directory '/home/akshay/thermalvis_ws/build/CMakeFiles/CMakeTmp'
Makefile:126: recipe for target 'cmTC_0d40d/fast' failed
make: *** [cmTC_0d40d/fast] Error 2

File /home/akshay/thermalvis_ws/build/CMakeFiles/CMakeTmp/CheckSymbolExists.c:
/* */
#include <pthread.h>

int main(int argc, char** argv)
{
  (void)argv;
#ifndef pthread_create
  return ((int*)(&pthread_create))[argc];
#else
  (void)argc;
  return 0;
#endif
}

Determining if the function pthread_create exists in the pthreads failed with the following output:
Change Dir: /home/akshay/thermalvis_ws/build/CMakeFiles/CMakeTmp

Run Build Command:"/usr/bin/make" "cmTC_cd60a/fast"
/usr/bin/make -f CMakeFiles/cmTC_cd60a.dir/build.make CMakeFiles/cmTC_cd60a.dir/build
make[1]: Entering directory '/home/akshay/thermalvis_ws/build/CMakeFiles/CMakeTmp'
Building C object CMakeFiles/cmTC_cd60a.dir/CheckFunctionExists.c.o
/usr/bin/cc   -DCHECK_FUNCTION_EXISTS=pthread_create   -o CMakeFiles/cmTC_cd60a.dir/CheckFunctionExists.c.o   -c /usr/local/share/cmake-3.9/Modules/CheckFunctionExists.c
Linking C executable cmTC_cd60a
/usr/local/bin/cmake -E cmake_link_script CMakeFiles/cmTC_cd60a.dir/link.txt --verbose=1
/usr/bin/cc  -DCHECK_FUNCTION_EXISTS=pthread_create    -rdynamic CMakeFiles/cmTC_cd60a.dir/CheckFunctionExists.c.o  -o cmTC_cd60a -lpthreads 
/usr/bin/ld: cannot find -lpthreads
collect2: error: ld returned 1 exit status
CMakeFiles/cmTC_cd60a.dir/build.make:97: recipe for target 'cmTC_cd60a' failed
make[1]: *** [cmTC_cd60a] Error 1
make[1]: Leaving directory '/home/akshay/thermalvis_ws/build/CMakeFiles/CMakeTmp'
Makefile:126: recipe for target 'cmTC_cd60a/fast' failed
make: *** [cmTC_cd60a/fast] Error 2


