Determining if the pthread_create exist failed with the following output:
Change Dir: /home/akshay/thermalvis_ws/src/cmake-build-debug/CMakeFiles/CMakeTmp

Run Build Command:"/usr/bin/make" "cmTC_f53c0/fast"
/usr/bin/make -f CMakeFiles/cmTC_f53c0.dir/build.make CMakeFiles/cmTC_f53c0.dir/build
make[1]: Entering directory '/home/akshay/thermalvis_ws/src/cmake-build-debug/CMakeFiles/CMakeTmp'
Building C object CMakeFiles/cmTC_f53c0.dir/CheckSymbolExists.c.o
/usr/bin/cc    -o CMakeFiles/cmTC_f53c0.dir/CheckSymbolExists.c.o   -c /home/akshay/thermalvis_ws/src/cmake-build-debug/CMakeFiles/CMakeTmp/CheckSymbolExists.c
Linking C executable cmTC_f53c0
/home/akshay/Documents/Books/clion-2018.3.4/bin/cmake/linux/bin/cmake -E cmake_link_script CMakeFiles/cmTC_f53c0.dir/link.txt --verbose=1
/usr/bin/cc      -rdynamic CMakeFiles/cmTC_f53c0.dir/CheckSymbolExists.c.o  -o cmTC_f53c0 
CMakeFiles/cmTC_f53c0.dir/CheckSymbolExists.c.o: In function `main':
CheckSymbolExists.c:(.text+0x16): undefined reference to `pthread_create'
collect2: error: ld returned 1 exit status
CMakeFiles/cmTC_f53c0.dir/build.make:86: recipe for target 'cmTC_f53c0' failed
make[1]: *** [cmTC_f53c0] Error 1
make[1]: Leaving directory '/home/akshay/thermalvis_ws/src/cmake-build-debug/CMakeFiles/CMakeTmp'
Makefile:121: recipe for target 'cmTC_f53c0/fast' failed
make: *** [cmTC_f53c0/fast] Error 2

File /home/akshay/thermalvis_ws/src/cmake-build-debug/CMakeFiles/CMakeTmp/CheckSymbolExists.c:
/* */
#include <pthread.h>

int main(int argc, char** argv)
{
  (void)argv;
#ifndef pthread_create
  return ((int*)(&pthread_create))[argc];
#else
  (void)argc;
  return 0;
#endif
}

Determining if the function pthread_create exists in the pthreads failed with the following output:
Change Dir: /home/akshay/thermalvis_ws/src/cmake-build-debug/CMakeFiles/CMakeTmp

Run Build Command:"/usr/bin/make" "cmTC_c877b/fast"
/usr/bin/make -f CMakeFiles/cmTC_c877b.dir/build.make CMakeFiles/cmTC_c877b.dir/build
make[1]: Entering directory '/home/akshay/thermalvis_ws/src/cmake-build-debug/CMakeFiles/CMakeTmp'
Building C object CMakeFiles/cmTC_c877b.dir/CheckFunctionExists.c.o
/usr/bin/cc   -DCHECK_FUNCTION_EXISTS=pthread_create   -o CMakeFiles/cmTC_c877b.dir/CheckFunctionExists.c.o   -c /home/akshay/Documents/Books/clion-2018.3.4/bin/cmake/linux/share/cmake-3.13/Modules/CheckFunctionExists.c
Linking C executable cmTC_c877b
/home/akshay/Documents/Books/clion-2018.3.4/bin/cmake/linux/bin/cmake -E cmake_link_script CMakeFiles/cmTC_c877b.dir/link.txt --verbose=1
/usr/bin/cc  -DCHECK_FUNCTION_EXISTS=pthread_create    -rdynamic CMakeFiles/cmTC_c877b.dir/CheckFunctionExists.c.o  -o cmTC_c877b -lpthreads 
/usr/bin/ld: cannot find -lpthreads
collect2: error: ld returned 1 exit status
CMakeFiles/cmTC_c877b.dir/build.make:86: recipe for target 'cmTC_c877b' failed
make[1]: *** [cmTC_c877b] Error 1
make[1]: Leaving directory '/home/akshay/thermalvis_ws/src/cmake-build-debug/CMakeFiles/CMakeTmp'
Makefile:121: recipe for target 'cmTC_c877b/fast' failed
make: *** [cmTC_c877b/fast] Error 2


