Determining if the pthread_create exist failed with the following output:
Change Dir: /home/akshay/Documents/Books/ARN/3D-Thermal-Modeling-/build/CMakeFiles/CMakeTmp

Run Build Command:"/usr/bin/make" "cmTC_72052/fast"
/usr/bin/make -f CMakeFiles/cmTC_72052.dir/build.make CMakeFiles/cmTC_72052.dir/build
make[1]: Entering directory '/home/akshay/Documents/Books/ARN/3D-Thermal-Modeling-/build/CMakeFiles/CMakeTmp'
Building C object CMakeFiles/cmTC_72052.dir/CheckSymbolExists.c.o
/usr/bin/cc    -o CMakeFiles/cmTC_72052.dir/CheckSymbolExists.c.o   -c /home/akshay/Documents/Books/ARN/3D-Thermal-Modeling-/build/CMakeFiles/CMakeTmp/CheckSymbolExists.c
Linking C executable cmTC_72052
/usr/local/bin/cmake -E cmake_link_script CMakeFiles/cmTC_72052.dir/link.txt --verbose=1
/usr/bin/cc      -rdynamic CMakeFiles/cmTC_72052.dir/CheckSymbolExists.c.o  -o cmTC_72052 
CMakeFiles/cmTC_72052.dir/CheckSymbolExists.c.o: In function `main':
CheckSymbolExists.c:(.text+0x16): undefined reference to `pthread_create'
collect2: error: ld returned 1 exit status
CMakeFiles/cmTC_72052.dir/build.make:97: recipe for target 'cmTC_72052' failed
make[1]: *** [cmTC_72052] Error 1
make[1]: Leaving directory '/home/akshay/Documents/Books/ARN/3D-Thermal-Modeling-/build/CMakeFiles/CMakeTmp'
Makefile:126: recipe for target 'cmTC_72052/fast' failed
make: *** [cmTC_72052/fast] Error 2

File /home/akshay/Documents/Books/ARN/3D-Thermal-Modeling-/build/CMakeFiles/CMakeTmp/CheckSymbolExists.c:
/* */
#include <pthread.h>

int main(int argc, char** argv)
{
  (void)argv;
#ifndef pthread_create
  return ((int*)(&pthread_create))[argc];
#else
  (void)argc;
  return 0;
#endif
}

Determining if the function pthread_create exists in the pthreads failed with the following output:
Change Dir: /home/akshay/Documents/Books/ARN/3D-Thermal-Modeling-/build/CMakeFiles/CMakeTmp

Run Build Command:"/usr/bin/make" "cmTC_719d9/fast"
/usr/bin/make -f CMakeFiles/cmTC_719d9.dir/build.make CMakeFiles/cmTC_719d9.dir/build
make[1]: Entering directory '/home/akshay/Documents/Books/ARN/3D-Thermal-Modeling-/build/CMakeFiles/CMakeTmp'
Building C object CMakeFiles/cmTC_719d9.dir/CheckFunctionExists.c.o
/usr/bin/cc   -DCHECK_FUNCTION_EXISTS=pthread_create   -o CMakeFiles/cmTC_719d9.dir/CheckFunctionExists.c.o   -c /usr/local/share/cmake-3.9/Modules/CheckFunctionExists.c
Linking C executable cmTC_719d9
/usr/local/bin/cmake -E cmake_link_script CMakeFiles/cmTC_719d9.dir/link.txt --verbose=1
/usr/bin/cc  -DCHECK_FUNCTION_EXISTS=pthread_create    -rdynamic CMakeFiles/cmTC_719d9.dir/CheckFunctionExists.c.o  -o cmTC_719d9 -lpthreads 
/usr/bin/ld: cannot find -lpthreads
collect2: error: ld returned 1 exit status
CMakeFiles/cmTC_719d9.dir/build.make:97: recipe for target 'cmTC_719d9' failed
make[1]: *** [cmTC_719d9] Error 1
make[1]: Leaving directory '/home/akshay/Documents/Books/ARN/3D-Thermal-Modeling-/build/CMakeFiles/CMakeTmp'
Makefile:126: recipe for target 'cmTC_719d9/fast' failed
make: *** [cmTC_719d9/fast] Error 2


